c:\users\sctaylor\documents\visual studio 2015\projects\personal weight loss tracker 1.0\personal weight loss tracker 1.0\debug\vc140.pdb
c:\users\sctaylor\documents\visual studio 2015\projects\personal weight loss tracker 1.0\personal weight loss tracker 1.0\debug\.netframework,version=v4.5.2.assemblyattributes.obj
c:\users\sctaylor\documents\visual studio 2015\projects\personal weight loss tracker 1.0\personal weight loss tracker 1.0\debug\.netframework,version=v4.5.2.assemblyattributes.asm
c:\users\sctaylor\documents\visual studio 2015\projects\personal weight loss tracker 1.0\personal weight loss tracker 1.0\debug\start form.obj
c:\users\sctaylor\documents\visual studio 2015\projects\personal weight loss tracker 1.0\personal weight loss tracker 1.0\debug\personal weight loss tracker 1.0.vcxprojresolveassemblyreference.cache
c:\users\sctaylor\documents\visual studio 2015\projects\personal weight loss tracker 1.0\personal weight loss tracker 1.0\debug\personal.6ccf39d5.tlog\cl.command.1.tlog
c:\users\sctaylor\documents\visual studio 2015\projects\personal weight loss tracker 1.0\personal weight loss tracker 1.0\debug\personal.6ccf39d5.tlog\cl.read.1.tlog
c:\users\sctaylor\documents\visual studio 2015\projects\personal weight loss tracker 1.0\personal weight loss tracker 1.0\debug\personal.6ccf39d5.tlog\cl.write.1.tlog
c:\users\sctaylor\documents\visual studio 2015\projects\personal weight loss tracker 1.0\personal weight loss tracker 1.0\debug\personal.6ccf39d5.tlog\link.13564.8292.read.1.tlog
c:\users\sctaylor\documents\visual studio 2015\projects\personal weight loss tracker 1.0\personal weight loss tracker 1.0\debug\personal.6ccf39d5.tlog\link.13564.8292.write.1.tlog
c:\users\sctaylor\documents\visual studio 2015\projects\personal weight loss tracker 1.0\personal weight loss tracker 1.0\debug\personal.6ccf39d5.tlog\link.13564.read.1.tlog
c:\users\sctaylor\documents\visual studio 2015\projects\personal weight loss tracker 1.0\personal weight loss tracker 1.0\debug\personal.6ccf39d5.tlog\link.13564.write.1.tlog
c:\users\sctaylor\documents\visual studio 2015\projects\personal weight loss tracker 1.0\personal weight loss tracker 1.0\debug\personal.6ccf39d5.tlog\link.13964.4180.read.1.tlog
c:\users\sctaylor\documents\visual studio 2015\projects\personal weight loss tracker 1.0\personal weight loss tracker 1.0\debug\personal.6ccf39d5.tlog\link.13964.4180.write.1.tlog
c:\users\sctaylor\documents\visual studio 2015\projects\personal weight loss tracker 1.0\personal weight loss tracker 1.0\debug\personal.6ccf39d5.tlog\link.13964.read.1.tlog
c:\users\sctaylor\documents\visual studio 2015\projects\personal weight loss tracker 1.0\personal weight loss tracker 1.0\debug\personal.6ccf39d5.tlog\link.13964.write.1.tlog
c:\users\sctaylor\documents\visual studio 2015\projects\personal weight loss tracker 1.0\personal weight loss tracker 1.0\debug\personal.6ccf39d5.tlog\link.command.1.tlog
c:\users\sctaylor\documents\visual studio 2015\projects\personal weight loss tracker 1.0\personal weight loss tracker 1.0\debug\personal.6ccf39d5.tlog\link.read.1.tlog
c:\users\sctaylor\documents\visual studio 2015\projects\personal weight loss tracker 1.0\personal weight loss tracker 1.0\debug\personal.6ccf39d5.tlog\link.write.1.tlog
c:\users\sctaylor\documents\visual studio 2015\projects\personal weight loss tracker 1.0\personal weight loss tracker 1.0\debug\personal.6ccf39d5.tlog\metagen.read.1.tlog
c:\users\sctaylor\documents\visual studio 2015\projects\personal weight loss tracker 1.0\personal weight loss tracker 1.0\debug\personal.6ccf39d5.tlog\metagen.write.1.tlog
c:\users\sctaylor\documents\visual studio 2015\projects\personal weight loss tracker 1.0\personal weight loss tracker 1.0\debug\personal.6ccf39d5.tlog\rsaenh.dll.bi
c:\users\sctaylor\documents\visual studio 2015\projects\personal weight loss tracker 1.0\personal weight loss tracker 1.0\debug\personal.6ccf39d5.tlog\tzres.dll.bi
